<?xml version="1.0" encoding="UTF-8"?>
<!-- Generated by org.testng.reporters.JUnitReportReporter -->
<testsuite skipped="1" hostname="MacBook-Pro-Zamira.local" name="com.syntax.testcases.ReportModule" tests="2" failures="0" timestamp="2020-01-24T09:30:12 EST" time="0.010" errors="0">
  <testcase name="validateReportModule" time="0.010" classname="com.syntax.testcases.ReportModule"/>
  <testcase name="openReport" classname="com.syntax.testcases.ReportModule">
    <skipped/>
  </testcase> <!-- openReport -->
</testsuite> <!-- com.syntax.testcases.ReportModule -->
