<?xml version="1.0" encoding="UTF-8"?>
<!-- Generated by org.testng.reporters.JUnitReportReporter -->
<testsuite skipped="0" hostname="MacBook-Pro-Zamira.local" name="com.syntax.testcases.LeaveModule" tests="1" failures="0" timestamp="2020-01-24T09:30:12 EST" time="0.001" errors="0">
  <testcase name="validateLeaveModule" time="0.001" classname="com.syntax.testcases.LeaveModule"/>
</testsuite> <!-- com.syntax.testcases.LeaveModule -->
